2025-05-07 13:12:44,524 - matplotlib - DEBUG - matplotlib data path: /Users/vis/Documents/EAI model 5 serie (lokaal)/EAI_Project_Structure/.venv/lib/python3.13/site-packages/matplotlib/mpl-data
2025-05-07 13:12:44,533 - matplotlib - DEBUG - CONFIGDIR=/Users/vis/.matplotlib
2025-05-07 13:12:44,534 - matplotlib - DEBUG - interactive is False
2025-05-07 13:12:44,534 - matplotlib - DEBUG - platform is darwin
2025-05-07 13:12:44,592 - matplotlib - DEBUG - CACHEDIR=/Users/vis/.matplotlib
2025-05-07 13:12:44,594 - matplotlib.font_manager - DEBUG - Using fontManager instance from /Users/vis/.matplotlib/fontlist-v390.json
2025-05-07 13:12:44,871 - __main__ - INFO - Master flow configuratie geladen
2025-05-07 13:12:49,918 - werkzeug - INFO - [31m[1mWARNING: This is a development server. Do not use it in a production deployment. Use a production WSGI server instead.[0m
 * Running on all addresses (0.0.0.0)
 * Running on http://127.0.0.1:5002
 * Running on http://192.0.0.2:5002
2025-05-07 13:12:49,918 - werkzeug - INFO - [33mPress CTRL+C to quit[0m
2025-05-07 13:12:49,920 - werkzeug - INFO -  * Restarting with stat
2025-05-07 13:12:50,384 - matplotlib - DEBUG - matplotlib data path: /Users/vis/Documents/EAI model 5 serie (lokaal)/EAI_Project_Structure/.venv/lib/python3.13/site-packages/matplotlib/mpl-data
2025-05-07 13:12:50,391 - matplotlib - DEBUG - CONFIGDIR=/Users/vis/.matplotlib
2025-05-07 13:12:50,392 - matplotlib - DEBUG - interactive is False
2025-05-07 13:12:50,392 - matplotlib - DEBUG - platform is darwin
2025-05-07 13:12:50,445 - matplotlib - DEBUG - CACHEDIR=/Users/vis/.matplotlib
2025-05-07 13:12:50,447 - matplotlib.font_manager - DEBUG - Using fontManager instance from /Users/vis/.matplotlib/fontlist-v390.json
2025-05-07 13:12:50,689 - __main__ - INFO - Master flow configuratie geladen
2025-05-07 13:12:50,710 - werkzeug - WARNING -  * Debugger is active!
2025-05-07 13:12:50,718 - werkzeug - INFO -  * Debugger PIN: 139-490-083
2025-05-07 13:39:59,724 - matplotlib - DEBUG - matplotlib data path: /Users/vis/Documents/EAI model 5 serie (lokaal)/EAI_Project_Structure/.venv/lib/python3.13/site-packages/matplotlib/mpl-data
2025-05-07 13:39:59,733 - matplotlib - DEBUG - CONFIGDIR=/Users/vis/.matplotlib
2025-05-07 13:39:59,734 - matplotlib - DEBUG - interactive is False
2025-05-07 13:39:59,734 - matplotlib - DEBUG - platform is darwin
2025-05-07 13:39:59,788 - matplotlib - DEBUG - CACHEDIR=/Users/vis/.matplotlib
2025-05-07 13:39:59,790 - matplotlib.font_manager - DEBUG - Using fontManager instance from /Users/vis/.matplotlib/fontlist-v390.json
2025-05-07 13:40:00,597 - __main__ - INFO - Master flow configuratie geladen
2025-05-07 13:40:00,598 - __main__ - INFO - Starting server on port 5000
2025-05-07 13:40:05,694 - werkzeug - INFO - [31m[1mWARNING: This is a development server. Do not use it in a production deployment. Use a production WSGI server instead.[0m
 * Running on all addresses (0.0.0.0)
 * Running on http://127.0.0.1:5000
 * Running on http://192.0.0.2:5000
2025-05-07 13:40:05,695 - werkzeug - INFO - [33mPress CTRL+C to quit[0m
2025-05-07 13:40:05,696 - werkzeug - INFO -  * Restarting with stat
2025-05-07 13:40:06,269 - matplotlib - DEBUG - matplotlib data path: /Users/vis/Documents/EAI model 5 serie (lokaal)/EAI_Project_Structure/.venv/lib/python3.13/site-packages/matplotlib/mpl-data
2025-05-07 13:40:06,277 - matplotlib - DEBUG - CONFIGDIR=/Users/vis/.matplotlib
2025-05-07 13:40:06,278 - matplotlib - DEBUG - interactive is False
2025-05-07 13:40:06,278 - matplotlib - DEBUG - platform is darwin
2025-05-07 13:40:06,330 - matplotlib - DEBUG - CACHEDIR=/Users/vis/.matplotlib
2025-05-07 13:40:06,332 - matplotlib.font_manager - DEBUG - Using fontManager instance from /Users/vis/.matplotlib/fontlist-v390.json
2025-05-07 13:40:06,984 - __main__ - INFO - Master flow configuratie geladen
2025-05-07 13:40:06,985 - __main__ - INFO - Starting server on port 5001
2025-05-07 13:40:07,004 - werkzeug - WARNING -  * Debugger is active!
2025-05-07 13:40:07,018 - werkzeug - INFO -  * Debugger PIN: 139-490-083
2025-05-07 13:45:47,591 - matplotlib - DEBUG - CACHEDIR=/Users/vis/.matplotlib
2025-05-07 13:45:47,594 - matplotlib.font_manager - DEBUG - Using fontManager instance from /Users/vis/.matplotlib/fontlist-v390.json
2025-05-07 13:45:48,311 - __main__ - INFO - Master flow configuratie geladen
2025-05-07 13:45:48,312 - __main__ - INFO - Starting server on port 5000
2025-05-07 13:45:53,352 - werkzeug - INFO - [31m[1mWARNING: This is a development server. Do not use it in a production deployment. Use a production WSGI server instead.[0m
 * Running on all addresses (0.0.0.0)
 * Running on http://127.0.0.1:5000
 * Running on http://192.0.0.2:5000
2025-05-07 13:45:53,353 - werkzeug - INFO - [33mPress CTRL+C to quit[0m
2025-05-07 13:45:53,355 - werkzeug - INFO -  * Restarting with stat
2025-05-07 13:45:53,787 - matplotlib - DEBUG - CACHEDIR=/Users/vis/.matplotlib
2025-05-07 13:45:53,789 - matplotlib.font_manager - DEBUG - Using fontManager instance from /Users/vis/.matplotlib/fontlist-v390.json
2025-05-07 13:45:54,434 - __main__ - INFO - Master flow configuratie geladen
2025-05-07 13:45:54,435 - __main__ - INFO - Starting server on port 5001
2025-05-07 13:45:54,455 - werkzeug - WARNING -  * Debugger is active!
2025-05-07 13:45:54,479 - werkzeug - INFO -  * Debugger PIN: 139-490-083
2025-05-07 13:49:02,436 - matplotlib - DEBUG - CACHEDIR=/Users/vis/.matplotlib
2025-05-07 13:49:02,439 - matplotlib.font_manager - DEBUG - Using fontManager instance from /Users/vis/.matplotlib/fontlist-v390.json
2025-05-07 13:49:03,213 - __main__ - INFO - Master flow configuratie geladen
2025-05-07 13:49:03,215 - __main__ - INFO - Starting server on port 5000
2025-05-07 13:49:08,251 - werkzeug - INFO - [31m[1mWARNING: This is a development server. Do not use it in a production deployment. Use a production WSGI server instead.[0m
 * Running on all addresses (0.0.0.0)
 * Running on http://127.0.0.1:5000
 * Running on http://192.0.0.2:5000
2025-05-07 13:49:08,252 - werkzeug - INFO - [33mPress CTRL+C to quit[0m
2025-05-07 13:49:08,254 - werkzeug - INFO -  * Restarting with stat
2025-05-07 13:49:08,657 - matplotlib - DEBUG - CACHEDIR=/Users/vis/.matplotlib
2025-05-07 13:49:08,659 - matplotlib.font_manager - DEBUG - Using fontManager instance from /Users/vis/.matplotlib/fontlist-v390.json
2025-05-07 13:49:09,352 - __main__ - INFO - Master flow configuratie geladen
2025-05-07 13:49:09,352 - __main__ - INFO - Starting server on port 5001
2025-05-07 13:49:09,372 - werkzeug - WARNING -  * Debugger is active!
2025-05-07 13:49:09,383 - werkzeug - INFO -  * Debugger PIN: 139-490-083
2025-05-07 13:50:18,908 - werkzeug - INFO -  * Detected change in '/Users/vis/Documents/EAI model 5 serie (lokaal)/EAI_Project_Structure/eai_core/visualizer.py', reloading
2025-05-07 13:50:19,104 - werkzeug - INFO -  * Restarting with stat
2025-05-07 13:50:19,555 - matplotlib - DEBUG - CACHEDIR=/Users/vis/.matplotlib
2025-05-07 13:50:19,557 - matplotlib.font_manager - DEBUG - Using fontManager instance from /Users/vis/.matplotlib/fontlist-v390.json
2025-05-07 13:50:20,293 - __main__ - INFO - Master flow configuratie geladen
2025-05-07 13:50:20,294 - __main__ - INFO - Starting server on port 5001
2025-05-07 13:50:20,315 - werkzeug - WARNING -  * Debugger is active!
2025-05-07 13:50:20,325 - werkzeug - INFO -  * Debugger PIN: 139-490-083
2025-05-07 13:50:37,696 - werkzeug - INFO -  * Detected change in '/Users/vis/Documents/EAI model 5 serie (lokaal)/EAI_Project_Structure/api/app.py', reloading
2025-05-07 13:50:37,919 - werkzeug - INFO -  * Restarting with stat
